<?xml version="1.0" encoding="UTF-8"?>
<!-- Generated by org.testng.reporters.JUnitXMLReporter -->
<testsuite ignored="0" hostname="SARAVANANR" failures="1" tests="1" name="Test2" time="8.881" errors="0" timestamp="2021-10-26T10:29:49 IST">
  <testcase classname="GoogleTest.TS003" name="STEP02" time="8.459">
    <failure type="java.lang.AssertionError" message="expected [Google] but found [Amazon]">
      <![CDATA[java.lang.AssertionError: expected [Google] but found [Amazon]
at GoogleTest.TS003.STEP02(TS003.java:24)
at java.base/java.util.ArrayList.forEach(ArrayList.java:1541)
... Removed 33 stack frames]]>
    </failure>
  </testcase> <!-- STEP02 -->
</testsuite> <!-- Test2 -->
